Watching for file changes with StatReloader
Watching for file changes with StatReloader
"GET / HTTP/1.1" 200 5250
"GET /static/css/styles.css HTTP/1.1" 304 0
"GET /static/accreditations/accreditation1.png HTTP/1.1" 404 1858
"GET /static/accreditations/accreditation2.png HTTP/1.1" 404 1858
Email Settings: HOST_USER=None, FROM_EMAIL=None
Email sending failed: (530, b'5.7.0 Authentication Required. For more information, go to\n5.7.0  https://support.google.com/mail/?p=WantAuthError 41be03b00d2f7-af28126d69bsm10600166a12.51 - gsmtp', 'None')
"POST / HTTP/1.1" 302 0
"GET / HTTP/1.1" 200 5803
"GET /static/accreditations/accreditation1.png HTTP/1.1" 404 1858
"GET /static/accreditations/accreditation2.png HTTP/1.1" 404 1858
Watching for file changes with StatReloader
"GET / HTTP/1.1" 200 5250
"GET /static/accreditations/accreditation1.png HTTP/1.1" 404 1858
"GET /static/accreditations/accreditation2.png HTTP/1.1" 404 1858
Email Settings:
HOST_USER: None
FROM_EMAIL: None
EMAIL_HOST: smtp.gmail.com
EMAIL_PORT: 587
EMAIL_USE_TLS: True
Email sending failed: (530, b'5.7.0 Authentication Required. For more information, go to\n5.7.0  https://support.google.com/mail/?p=WantAuthError d9443c01a7336-22410a80fe2sm110026285ad.157 - gsmtp', 'None')
"POST / HTTP/1.1" 302 0
"GET / HTTP/1.1" 200 5804
"GET /static/accreditations/accreditation1.png HTTP/1.1" 404 1858
"GET /static/accreditations/accreditation2.png HTTP/1.1" 404 1858
/Users/axel/Documents/GitHub/ssws-privatepractice-website/sswsapp/settings.py changed, reloading.
Watching for file changes with StatReloader
/Users/axel/Documents/GitHub/ssws-privatepractice-website/sswsapp/settings.py changed, reloading.
Watching for file changes with StatReloader
/Users/axel/Documents/GitHub/ssws-privatepractice-website/sswsapp/security.py changed, reloading.
Watching for file changes with StatReloader
Watching for file changes with StatReloader
"GET / HTTP/1.1" 200 5250
"GET /static/css/styles.css HTTP/1.1" 304 0
"GET /static/accreditations/accreditation2.png HTTP/1.1" 404 1858
"GET /static/accreditations/accreditation1.png HTTP/1.1" 404 1858
Email Settings:
HOST_USER: None
FROM_EMAIL: None
EMAIL_HOST: smtp.gmail.com
EMAIL_PORT: 587
EMAIL_USE_TLS: True
Email sending failed: (530, b'5.7.0 Authentication Required. For more information, go to\n5.7.0  https://support.google.com/mail/?p=WantAuthError d9443c01a7336-22410ab9b7fsm109802075ad.253 - gsmtp', 'None')
"POST / HTTP/1.1" 302 0
"GET / HTTP/1.1" 200 5804
"GET /static/accreditations/accreditation2.png HTTP/1.1" 404 1858
"GET /static/accreditations/accreditation1.png HTTP/1.1" 404 1858
/Users/axel/Documents/GitHub/ssws-privatepractice-website/sswsapp/settings.py changed, reloading.
Watching for file changes with StatReloader
Watching for file changes with StatReloader
"GET / HTTP/1.1" 200 5250
"GET /static/css/styles.css HTTP/1.1" 304 0
"GET /static/accreditations/accreditation1.png HTTP/1.1" 404 1858
"GET /static/accreditations/accreditation2.png HTTP/1.1" 404 1858
"POST / HTTP/1.1" 302 0
"GET / HTTP/1.1" 200 5623
"GET /static/accreditations/accreditation1.png HTTP/1.1" 404 1858
"GET /static/accreditations/accreditation2.png HTTP/1.1" 404 1858
Watching for file changes with StatReloader
